[2024-10-11T01:36:03.840Z] Server is running on http://localhost:4000
[2024-10-11T01:36:25.043Z] dirname:
[2024-10-11T01:36:37.712Z] Entry: jefeish@gmail.com saved
[2024-10-11T01:37:03.556Z] Entry: jefeish@gmail.com already exists
[2024-10-11T01:37:36.001Z] qrList:
[2024-10-11T01:39:08.845Z] Server is running on http://localhost:4000
[2024-10-11T01:39:39.057Z] qrList:
[2024-10-11T01:42:13.159Z] qrList:
[2024-10-11T01:42:18.365Z] qrList:
[2024-10-11T01:43:01.577Z] Server is running on http://localhost:4000
[2024-10-11T01:43:09.652Z] secret:
[2024-10-11T01:43:09.653Z] qrList:
[2024-10-11T01:44:21.672Z] Server is running on http://localhost:4000
[2024-10-11T01:44:33.277Z] secret:
[2024-10-11T01:44:33.277Z] qrList:
[2024-10-11T01:44:35.027Z] secret:
[2024-10-11T01:44:35.027Z] qrList:
[2024-10-11T01:44:35.762Z] secret:
[2024-10-11T01:44:35.762Z] qrList:
[2024-10-11T01:45:57.463Z] Server is running on http://localhost:4000
[2024-10-11T01:46:01.387Z] secret: toad33
[2024-10-11T01:46:01.387Z] qrList:
[2024-10-11T01:46:35.261Z] Server is running on http://localhost:4000
[2024-10-11T01:47:21.038Z] Server is running on http://localhost:4000
[2024-10-11T01:47:27.222Z] secret: wolf88
[2024-10-11T01:47:27.223Z] qrList: wolf88
[2024-10-11T01:47:31.013Z] secret: grouse63
[2024-10-11T01:47:31.014Z] qrList: wolf88,grouse63
[2024-10-11T01:47:32.690Z] secret: emu34
[2024-10-11T01:47:32.690Z] qrList: wolf88,grouse63,emu34
[2024-10-11T01:49:13.219Z] dirname: /Users/jefeish/projects/qr-tracker/src
[2024-10-11T01:49:22.990Z] Entry: jefeish@gmail.com saved
[2024-10-11T01:49:27.976Z] Entry: jefeish@gmail.com already exists
[2024-10-11T01:49:36.716Z] Entry: jefeish11@gmail.com saved
[2024-10-11T01:50:10.406Z] Entry: jefeish13@gmail.com saved
[2024-10-11T01:50:14.328Z] Entry: jefeish13@gmail.com already exists
